#
# There is insufficient memory for the Java Runtime Environment to continue.
# Native memory allocation (malloc) failed to allocate 821616 bytes for Chunk::new
# Possible reasons:
#   The system is out of physical RAM or swap space
#   The process is running with CompressedOops enabled, and the Java Heap may be blocking the growth of the native heap
# Possible solutions:
#   Reduce memory load on the system
#   Increase physical memory or swap space
#   Check if swap backing store is full
#   Decrease Java heap size (-Xmx/-Xms)
#   Decrease number of Java threads
#   Decrease Java thread stack sizes (-Xss)
#   Set larger code cache with -XX:ReservedCodeCacheSize=
#   JVM is running with Unscaled Compressed Oops mode in which the Java heap is
#     placed in the first 4GB address space. The Java Heap base address is the
#     maximum limit for the native heap growth. Please use -XX:HeapBaseMinAddress
#     to set the Java Heap base and to place the Java Heap above 4GB virtual address.
# This output file may be truncated or incomplete.
#
#  Out of Memory Error (./src/hotspot/share/memory/arena.cpp:197), pid=7272, tid=15136
#
# JRE version: OpenJDK Runtime Environment (11.0.11+9) (build 11.0.11+9-b60-7590822)
# Java VM: OpenJDK 64-Bit Server VM (11.0.11+9-b60-7590822, mixed mode, tiered, compressed oops, g1 gc, windows-amd64)
# No core dump will be written. Minidumps are not enabled by default on client versions of Windows
#

---------------  S U M M A R Y ------------

Command Line: --add-opens=java.base/java.util=ALL-UNNAMED --add-opens=java.base/java.lang=ALL-UNNAMED --add-opens=java.base/java.lang.invoke=ALL-UNNAMED --add-opens=java.base/java.util=ALL-UNNAMED --add-opens=java.prefs/java.util.prefs=ALL-UNNAMED --add-opens=java.prefs/java.util.prefs=ALL-UNNAMED --add-opens=java.base/java.nio.charset=ALL-UNNAMED --add-opens=java.base/java.net=ALL-UNNAMED --add-opens=java.base/java.util.concurrent.atomic=ALL-UNNAMED -Xmx2048m -Dfile.encoding=UTF-8 -Duser.country=IN -Duser.language=en -Duser.variant org.gradle.launcher.daemon.bootstrap.GradleDaemon 7.4

Host: AMD Ryzen 3 3300U with Radeon Vega Mobile Gfx  , 4 cores, 9G,  Windows 10 , 64 bit Build 22000 (10.0.22000.434)
Time: Mon Mar  7 22:48:54 2022 India Standard Time elapsed time: 40.155358 seconds (0d 0h 0m 40s)

---------------  T H R E A D  ---------------

Current thread (0x000001ead79de800):  JavaThread "C2 CompilerThread1" daemon [_thread_in_native, id=15136, stack(0x000000c540600000,0x000000c540700000)]


Current CompileTask:
C2:  40155 11825       4       com.android.tools.r8.graph.h2::c (654 bytes)

Stack: [0x000000c540600000,0x000000c540700000]
Native frames: (J=compiled Java code, j=interpreted, Vv=VM code, C=native code)
V  [jvm.dll+0x5f214a]
V  [jvm.dll+0x726fb5]
V  [jvm.dll+0x7285cd]
V  [jvm.dll+0x728c83]
V  [jvm.dll+0x243278]
V  [jvm.dll+0xbc53c]
V  [jvm.dll+0xbca3c]
V  [jvm.dll+0x2b5c34]
V  [jvm.dll+0x508488]
V  [jvm.dll+0x1fd4b5]
V  [jvm.dll+0x1fb35f]
V  [jvm.dll+0x183d6c]
V  [jvm.dll+0x209a57]
V  [jvm.dll+0x2082a1]
V  [jvm.dll+0x6ef58f]
V  [jvm.dll+0x6e80b5]
V  [jvm.dll+0x5f1036]
C  [ucrtbase.dll+0x26c0c]
C  [KERNEL32.DLL+0x154e0]
C  [ntdll.dll+0x485b]


---------------  P R O C E S S  ---------------

Threads class SMR info:
_java_thread_list=0x000001ead8618020, length=87, elements={
0x000001eab644f800, 0x000001ead005e800, 0x000001ead0061800, 0x000001ead0080800,
0x000001ead0081800, 0x000001ead0082800, 0x000001ead0083800, 0x000001ead0086800,
0x000001ead09d4000, 0x000001ead0b26800, 0x000001ead2234800, 0x000001ead2cf1000,
0x000001ead0cd9000, 0x000001ead1df6800, 0x000001ead1fbd800, 0x000001ead1fbe800,
0x000001ead2c98800, 0x000001ead1f17800, 0x000001ead1f18800, 0x000001ead2e37800,
0x000001ead2e39000, 0x000001ead2e33800, 0x000001ead2e36800, 0x000001ead2e35800,
0x000001ead2e38000, 0x000001ead2e3a000, 0x000001ead2e35000, 0x000001ead2e34000,
0x000001ead50c9800, 0x000001ead50c7800, 0x000001ead50c8800, 0x000001ead50ca000,
0x000001ead50c7000, 0x000001ead50cd800, 0x000001ead50ce800, 0x000001ead50cf000,
0x000001ead50d0000, 0x000001ead50d0800, 0x000001ead50d1800, 0x000001ead50d2800,
0x000001ead50d4000, 0x000001ead50d3000, 0x000001ead626d800, 0x000001ead626e000,
0x000001ead626f000, 0x000001ead6270000, 0x000001ead6270800, 0x000001ead6271800,
0x000001ead6272000, 0x000001ead626c800, 0x000001ead6274000, 0x000001ead6274800,
0x000001ead6275800, 0x000001ead6276800, 0x000001ead6273000, 0x000001ead6277000,
0x000001ead6279800, 0x000001ead6278000, 0x000001ead627a800, 0x000001ead627b000,
0x000001ead6279000, 0x000001ead51f3800, 0x000001ead51f2000, 0x000001ead51ee000,
0x000001ead51f2800, 0x000001ead51ee800, 0x000001ead51f1000, 0x000001ead51f4800,
0x000001ead51f0000, 0x000001ead51f5000, 0x000001ead51ef800, 0x000001ead51f9000,
0x000001ead51fa000, 0x000001ead51fb000, 0x000001ead51f7000, 0x000001ead51f8800,
0x000001ead51fb800, 0x000001ead51f6000, 0x000001ead51fc800, 0x000001ead4b7c000,
0x000001ead4b7b800, 0x000001ead4b7d000, 0x000001ead4b7e800, 0x000001ead4b79800,
0x000001ead4b79000, 0x000001ead4b7a800, 0x000001ead79de800
}

Java Threads: ( => current thread )
  0x000001eab644f800 JavaThread "main" [_thread_blocked, id=18124, stack(0x000000c53a400000,0x000000c53a500000)]
  0x000001ead005e800 JavaThread "Reference Handler" daemon [_thread_blocked, id=7148, stack(0x000000c53ab00000,0x000000c53ac00000)]
  0x000001ead0061800 JavaThread "Finalizer" daemon [_thread_blocked, id=15096, stack(0x000000c53ac00000,0x000000c53ad00000)]
  0x000001ead0080800 JavaThread "Signal Dispatcher" daemon [_thread_blocked, id=18168, stack(0x000000c53ad00000,0x000000c53ae00000)]
  0x000001ead0081800 JavaThread "Attach Listener" daemon [_thread_blocked, id=16084, stack(0x000000c53ae00000,0x000000c53af00000)]
  0x000001ead0082800 JavaThread "Service Thread" daemon [_thread_blocked, id=16984, stack(0x000000c53af00000,0x000000c53b000000)]
  0x000001ead0083800 JavaThread "C2 CompilerThread0" daemon [_thread_in_native, id=16584, stack(0x000000c53b000000,0x000000c53b100000)]
  0x000001ead0086800 JavaThread "C1 CompilerThread0" daemon [_thread_blocked, id=17348, stack(0x000000c53b100000,0x000000c53b200000)]
  0x000001ead09d4000 JavaThread "Sweeper thread" daemon [_thread_blocked, id=8876, stack(0x000000c53b200000,0x000000c53b300000)]
  0x000001ead0b26800 JavaThread "Common-Cleaner" daemon [_thread_blocked, id=9304, stack(0x000000c53b300000,0x000000c53b400000)]
  0x000001ead2234800 JavaThread "Daemon health stats" [_thread_blocked, id=4996, stack(0x000000c53b800000,0x000000c53b900000)]
  0x000001ead2cf1000 JavaThread "Incoming local TCP Connector on port 63582" [_thread_in_native, id=4424, stack(0x000000c53b700000,0x000000c53b800000)]
  0x000001ead0cd9000 JavaThread "Daemon periodic checks" [_thread_blocked, id=13364, stack(0x000000c53b900000,0x000000c53ba00000)]
  0x000001ead1df6800 JavaThread "Daemon" [_thread_blocked, id=15120, stack(0x000000c53ba00000,0x000000c53bb00000)]
  0x000001ead1fbd800 JavaThread "Handler for socket connection from /127.0.0.1:63582 to /127.0.0.1:63583" [_thread_in_native, id=17496, stack(0x000000c53bb00000,0x000000c53bc00000)]
  0x000001ead1fbe800 JavaThread "Cancel handler" [_thread_blocked, id=7632, stack(0x000000c53bc00000,0x000000c53bd00000)]
  0x000001ead2c98800 JavaThread "Daemon worker" [_thread_blocked, id=12228, stack(0x000000c53bd00000,0x000000c53be00000)]
  0x000001ead1f17800 JavaThread "Asynchronous log dispatcher for DefaultDaemonConnection: socket connection from /127.0.0.1:63582 to /127.0.0.1:63583" [_thread_blocked, id=10868, stack(0x000000c53be00000,0x000000c53bf00000)]
  0x000001ead1f18800 JavaThread "Stdin handler" [_thread_blocked, id=15088, stack(0x000000c53bf00000,0x000000c53c000000)]
  0x000001ead2e37800 JavaThread "Daemon client event forwarder" [_thread_blocked, id=6332, stack(0x000000c53c000000,0x000000c53c100000)]
  0x000001ead2e39000 JavaThread "Cache worker for journal cache (C:\Users\DEVILS HACKER\.gradle\caches\journal-1)" [_thread_blocked, id=14412, stack(0x000000c53c200000,0x000000c53c300000)]
  0x000001ead2e33800 JavaThread "File lock request listener" [_thread_in_native, id=2372, stack(0x000000c53c300000,0x000000c53c400000)]
  0x000001ead2e36800 JavaThread "Cache worker for file hash cache (C:\Users\DEVILS HACKER\.gradle\caches\7.4\fileHashes)" [_thread_blocked, id=4948, stack(0x000000c53c400000,0x000000c53c500000)]
  0x000001ead2e35800 JavaThread "File watcher server" daemon [_thread_in_native, id=4408, stack(0x000000c53c600000,0x000000c53c700000)]
  0x000001ead2e38000 JavaThread "File watcher consumer" daemon [_thread_blocked, id=14500, stack(0x000000c53c700000,0x000000c53c800000)]
  0x000001ead2e3a000 JavaThread "Cache worker for checksums cache (F:\Smart Attendance Apps\SmartAttendanceApps\.gradle\7.4\checksums)" [_thread_blocked, id=1368, stack(0x000000c53c800000,0x000000c53c900000)]
  0x000001ead2e35000 JavaThread "Cache worker for cache directory md-rule (C:\Users\DEVILS HACKER\.gradle\caches\7.4\md-rule)" [_thread_blocked, id=7092, stack(0x000000c53c900000,0x000000c53ca00000)]
  0x000001ead2e34000 JavaThread "Cache worker for file hash cache (F:\Smart Attendance Apps\SmartAttendanceApps\.gradle\7.4\fileHashes)" [_thread_blocked, id=19452, stack(0x000000c53ca00000,0x000000c53cb00000)]
  0x000001ead50c9800 JavaThread "Cache worker for cache directory md-supplier (C:\Users\DEVILS HACKER\.gradle\caches\7.4\md-supplier)" [_thread_blocked, id=6232, stack(0x000000c53cb00000,0x000000c53cc00000)]
  0x000001ead50c7800 JavaThread "Cache worker for execution history cache (C:\Users\DEVILS HACKER\.gradle\caches\7.4\executionHistory)" [_thread_blocked, id=1548, stack(0x000000c53cc00000,0x000000c53cd00000)]
  0x000001ead50c8800 JavaThread "jar transforms" [_thread_blocked, id=5732, stack(0x000000c53cd00000,0x000000c53ce00000)]
  0x000001ead50ca000 JavaThread "Cache worker for file content cache (C:\Users\DEVILS HACKER\.gradle\caches\7.4\fileContent)" [_thread_blocked, id=11712, stack(0x000000c53ce00000,0x000000c53cf00000)]
  0x000001ead50c7000 JavaThread "jar transforms Thread 2" [_thread_blocked, id=18744, stack(0x000000c53cf00000,0x000000c53d000000)]
  0x000001ead50cd800 JavaThread "Cache worker for dependencies-accessors (F:\Smart Attendance Apps\SmartAttendanceApps\.gradle\7.4\dependencies-accessors)" [_thread_blocked, id=19356, stack(0x000000c53d000000,0x000000c53d100000)]
  0x000001ead50ce800 JavaThread "jar transforms Thread 3" [_thread_blocked, id=9684, stack(0x000000c53d100000,0x000000c53d200000)]
  0x000001ead50cf000 JavaThread "Cache worker for Build Output Cleanup Cache (F:\Smart Attendance Apps\SmartAttendanceApps\.gradle\buildOutputCleanup)" [_thread_blocked, id=1888, stack(0x000000c53d200000,0x000000c53d300000)]
  0x000001ead50d0000 JavaThread "Unconstrained build operations" [_thread_blocked, id=1908, stack(0x000000c53d300000,0x000000c53d400000)]
  0x000001ead50d0800 JavaThread "Unconstrained build operations Thread 2" [_thread_blocked, id=6888, stack(0x000000c53d400000,0x000000c53d500000)]
  0x000001ead50d1800 JavaThread "Unconstrained build operations Thread 3" [_thread_blocked, id=10060, stack(0x000000c53d500000,0x000000c53d600000)]
  0x000001ead50d2800 JavaThread "Unconstrained build operations Thread 4" [_thread_blocked, id=10456, stack(0x000000c53d600000,0x000000c53d700000)]
  0x000001ead50d4000 JavaThread "Unconstrained build operations Thread 5" [_thread_blocked, id=5876, stack(0x000000c53d700000,0x000000c53d800000)]
  0x000001ead50d3000 JavaThread "Unconstrained build operations Thread 6" [_thread_blocked, id=15480, stack(0x000000c53d800000,0x000000c53d900000)]
  0x000001ead626d800 JavaThread "Unconstrained build operations Thread 7" [_thread_blocked, id=18604, stack(0x000000c53d900000,0x000000c53da00000)]
  0x000001ead626e000 JavaThread "Unconstrained build operations Thread 8" [_thread_blocked, id=1084, stack(0x000000c53da00000,0x000000c53db00000)]
  0x000001ead626f000 JavaThread "Unconstrained build operations Thread 9" [_thread_blocked, id=3792, stack(0x000000c53db00000,0x000000c53dc00000)]
  0x000001ead6270000 JavaThread "Unconstrained build operations Thread 10" [_thread_blocked, id=13900, stack(0x000000c53dc00000,0x000000c53dd00000)]
  0x000001ead6270800 JavaThread "Unconstrained build operations Thread 11" [_thread_blocked, id=18420, stack(0x000000c53dd00000,0x000000c53de00000)]
  0x000001ead6271800 JavaThread "Unconstrained build operations Thread 12" [_thread_blocked, id=9132, stack(0x000000c53de00000,0x000000c53df00000)]
  0x000001ead6272000 JavaThread "Unconstrained build operations Thread 13" [_thread_blocked, id=14884, stack(0x000000c53df00000,0x000000c53e000000)]
  0x000001ead626c800 JavaThread "Unconstrained build operations Thread 14" [_thread_blocked, id=15532, stack(0x000000c53e000000,0x000000c53e100000)]
  0x000001ead6274000 JavaThread "Unconstrained build operations Thread 15" [_thread_blocked, id=13196, stack(0x000000c53e100000,0x000000c53e200000)]
  0x000001ead6274800 JavaThread "Unconstrained build operations Thread 16" [_thread_blocked, id=9736, stack(0x000000c53e200000,0x000000c53e300000)]
  0x000001ead6275800 JavaThread "Unconstrained build operations Thread 17" [_thread_blocked, id=17148, stack(0x000000c53e300000,0x000000c53e400000)]
  0x000001ead6276800 JavaThread "Unconstrained build operations Thread 18" [_thread_blocked, id=1904, stack(0x000000c53e400000,0x000000c53e500000)]
  0x000001ead6273000 JavaThread "Unconstrained build operations Thread 19" [_thread_blocked, id=18880, stack(0x000000c53e500000,0x000000c53e600000)]
  0x000001ead6277000 JavaThread "Unconstrained build operations Thread 20" [_thread_blocked, id=15668, stack(0x000000c53e600000,0x000000c53e700000)]
  0x000001ead6279800 JavaThread "Unconstrained build operations Thread 21" [_thread_blocked, id=10916, stack(0x000000c53e700000,0x000000c53e800000)]
  0x000001ead6278000 JavaThread "Unconstrained build operations Thread 22" [_thread_blocked, id=19320, stack(0x000000c53e800000,0x000000c53e900000)]
  0x000001ead627a800 JavaThread "Unconstrained build operations Thread 23" [_thread_blocked, id=16756, stack(0x000000c53e900000,0x000000c53ea00000)]
  0x000001ead627b000 JavaThread "Unconstrained build operations Thread 24" [_thread_blocked, id=17132, stack(0x000000c53ea00000,0x000000c53eb00000)]
  0x000001ead6279000 JavaThread "Unconstrained build operations Thread 25" [_thread_blocked, id=3000, stack(0x000000c53eb00000,0x000000c53ec00000)]
  0x000001ead51f3800 JavaThread "Unconstrained build operations Thread 26" [_thread_blocked, id=9076, stack(0x000000c53ec00000,0x000000c53ed00000)]
  0x000001ead51f2000 JavaThread "Unconstrained build operations Thread 27" [_thread_blocked, id=17860, stack(0x000000c53ed00000,0x000000c53ee00000)]
  0x000001ead51ee000 JavaThread "Unconstrained build operations Thread 28" [_thread_blocked, id=9400, stack(0x000000c53ee00000,0x000000c53ef00000)]
  0x000001ead51f2800 JavaThread "Unconstrained build operations Thread 29" [_thread_blocked, id=14708, stack(0x000000c53ef00000,0x000000c53f000000)]
  0x000001ead51ee800 JavaThread "Unconstrained build operations Thread 30" [_thread_blocked, id=8836, stack(0x000000c53f000000,0x000000c53f100000)]
  0x000001ead51f1000 JavaThread "Unconstrained build operations Thread 31" [_thread_blocked, id=16608, stack(0x000000c53f100000,0x000000c53f200000)]
  0x000001ead51f4800 JavaThread "Unconstrained build operations Thread 32" [_thread_blocked, id=8556, stack(0x000000c53f200000,0x000000c53f300000)]
  0x000001ead51f0000 JavaThread "Unconstrained build operations Thread 33" [_thread_blocked, id=17420, stack(0x000000c53f300000,0x000000c53f400000)]
  0x000001ead51f5000 JavaThread "Unconstrained build operations Thread 34" [_thread_blocked, id=6564, stack(0x000000c53f400000,0x000000c53f500000)]
  0x000001ead51ef800 JavaThread "Unconstrained build operations Thread 35" [_thread_blocked, id=2796, stack(0x000000c53f500000,0x000000c53f600000)]
  0x000001ead51f9000 JavaThread "Unconstrained build operations Thread 36" [_thread_blocked, id=13472, stack(0x000000c53f600000,0x000000c53f700000)]
  0x000001ead51fa000 JavaThread "Unconstrained build operations Thread 37" [_thread_blocked, id=10736, stack(0x000000c53f700000,0x000000c53f800000)]
  0x000001ead51fb000 JavaThread "Unconstrained build operations Thread 38" [_thread_blocked, id=12396, stack(0x000000c53f800000,0x000000c53f900000)]
  0x000001ead51f7000 JavaThread "Unconstrained build operations Thread 39" [_thread_blocked, id=3140, stack(0x000000c53f900000,0x000000c53fa00000)]
  0x000001ead51f8800 JavaThread "Unconstrained build operations Thread 40" [_thread_blocked, id=16464, stack(0x000000c53fa00000,0x000000c53fb00000)]
  0x000001ead51fb800 JavaThread "jar transforms Thread 4" [_thread_blocked, id=11212, stack(0x000000c53fb00000,0x000000c53fc00000)]
  0x000001ead51f6000 JavaThread "Memory manager" [_thread_blocked, id=11456, stack(0x000000c53fc00000,0x000000c53fd00000)]
  0x000001ead51fc800 JavaThread "build event listener" [_thread_blocked, id=10344, stack(0x000000c53c500000,0x000000c53c600000)]
  0x000001ead4b7c000 JavaThread "build event listener" [_thread_blocked, id=14740, stack(0x000000c53fe00000,0x000000c53ff00000)]
  0x000001ead4b7b800 JavaThread "included builds" [_thread_blocked, id=17444, stack(0x000000c53ff00000,0x000000c540000000)]
  0x000001ead4b7d000 JavaThread "Execution worker for ':'" [_thread_blocked, id=17756, stack(0x000000c540000000,0x000000c540100000)]
  0x000001ead4b7e800 JavaThread "Execution worker for ':' Thread 2" [_thread_in_vm, id=1708, stack(0x000000c540100000,0x000000c540200000)]
  0x000001ead4b79800 JavaThread "Execution worker for ':' Thread 3" [_thread_blocked, id=5040, stack(0x000000c540200000,0x000000c540300000)]
  0x000001ead4b79000 JavaThread "Cache worker for execution history cache (F:\Smart Attendance Apps\SmartAttendanceApps\.gradle\7.4\executionHistory)" [_thread_blocked, id=14672, stack(0x000000c540300000,0x000000c540400000)]
  0x000001ead4b7a800 JavaThread "WorkerExecutor Queue" [_thread_blocked, id=9844, stack(0x000000c540400000,0x000000c540500000)]
=>0x000001ead79de800 JavaThread "C2 CompilerThread1" daemon [_thread_in_native, id=15136, stack(0x000000c540600000,0x000000c540700000)]

Other Threads:
  0x000001ead005b000 VMThread "VM Thread" [stack: 0x000000c53aa00000,0x000000c53ab00000] [id=13800]
  0x000001ead0b39800 WatcherThread [stack: 0x000000c53b400000,0x000000c53b500000] [id=3700]
  0x000001eab6467800 GCTaskThread "GC Thread#0" [stack: 0x000000c53a500000,0x000000c53a600000] [id=11408]
  0x000001ead0f17800 GCTaskThread "GC Thread#1" [stack: 0x000000c53b500000,0x000000c53b600000] [id=10040]
  0x000001ead126a000 GCTaskThread "GC Thread#2" [stack: 0x000000c53b600000,0x000000c53b700000] [id=14136]
  0x000001ead2f1b800 GCTaskThread "GC Thread#3" [stack: 0x000000c53c100000,0x000000c53c200000] [id=16180]
  0x000001eab649b000 ConcurrentGCThread "G1 Main Marker" [stack: 0x000000c53a600000,0x000000c53a700000] [id=6380]
  0x000001eab649c000 ConcurrentGCThread "G1 Conc#0" [stack: 0x000000c53a700000,0x000000c53a800000] [id=9296]
  0x000001eacfea6800 ConcurrentGCThread "G1 Refine#0" [stack: 0x000000c53a800000,0x000000c53a900000] [id=9320]
  0x000001eacfea7000 ConcurrentGCThread "G1 Young RemSet Sampling" [stack: 0x000000c53a900000,0x000000c53aa00000] [id=12092]

Threads with active compile tasks:
C2 CompilerThread0  40194 11790       4       com.android.tools.r8.internal.lH0::a (4225 bytes)
C2 CompilerThread1  40194 11825       4       com.android.tools.r8.graph.h2::c (654 bytes)

VM state:not at safepoint (normal execution)

VM Mutex/Monitor currently owned by a thread: None

Heap address: 0x0000000080000000, size: 2048 MB, Compressed Oops mode: 32-bit
Narrow klass base: 0x0000000000000000, Narrow klass shift: 3
Compressed class space size: 1073741824 Address: 0x0000000100000000

Heap:
 garbage-first heap   total 163840K, used 134873K [0x0000000080000000, 0x0000000100000000)
  region size 1024K, 16 young (16384K), 3 survivors (3072K)
 Metaspace       used 96464K, capacity 98821K, committed 99108K, reserved 1134592K
  class space    used 12538K, capacity 13404K, committed 13440K, reserved 1048576K
Heap Regions: E=young(eden), S=young(survivor), O=old, HS=humongous(starts), HC=humongous(continues), CS=collection set, F=free, A=archive, TAMS=top-at-mark-start (previous, next)
|   0|0x0000000080000000, 0x0000000080100000, 0x0000000080100000|100%| O|  |TAMS 0x0000000080100000, 0x0000000080000000| Updating 
|   1|0x0000000080100000, 0x0000000080200000, 0x0000000080200000|100%| O|  |TAMS 0x0000000080200000, 0x0000000080100000| Updating 
|   2|0x0000000080200000, 0x0000000080300000, 0x0000000080300000|100%| O|  |TAMS 0x0000000080300000, 0x0000000080200000| Updating 
|   3|0x0000000080300000, 0x0000000080400000, 0x0000000080400000|100%|HS|  |TAMS 0x0000000080400000, 0x0000000080300000| Complete 
|   4|0x0000000080400000, 0x0000000080500000, 0x0000000080500000|100%|HC|  |TAMS 0x0000000080500000, 0x0000000080400000| Complete 
|   5|0x0000000080500000, 0x0000000080600000, 0x0000000080600000|100%|HC|  |TAMS 0x0000000080600000, 0x0000000080500000| Complete 
|   6|0x0000000080600000, 0x0000000080700000, 0x0000000080700000|100%| O|  |TAMS 0x0000000080700000, 0x0000000080600000| Updating 
|   7|0x0000000080700000, 0x0000000080800000, 0x0000000080800000|100%| O|  |TAMS 0x0000000080800000, 0x0000000080700000| Updating 
|   8|0x0000000080800000, 0x0000000080900000, 0x0000000080900000|100%| O|  |TAMS 0x0000000080900000, 0x0000000080800000| Updating 
|   9|0x0000000080900000, 0x0000000080a00000, 0x0000000080a00000|100%| O|  |TAMS 0x0000000080a00000, 0x0000000080900000| Updating 
|  10|0x0000000080a00000, 0x0000000080b00000, 0x0000000080b00000|100%| O|  |TAMS 0x0000000080b00000, 0x0000000080a00000| Updating 
|  11|0x0000000080b00000, 0x0000000080c00000, 0x0000000080c00000|100%| O|  |TAMS 0x0000000080c00000, 0x0000000080b00000| Updating 
|  12|0x0000000080c00000, 0x0000000080d00000, 0x0000000080d00000|100%| O|  |TAMS 0x0000000080d00000, 0x0000000080c00000| Updating 
|  13|0x0000000080d00000, 0x0000000080e00000, 0x0000000080e00000|100%| O|  |TAMS 0x0000000080e00000, 0x0000000080d00000| Updating 
|  14|0x0000000080e00000, 0x0000000080f00000, 0x0000000080f00000|100%|HS|  |TAMS 0x0000000080f00000, 0x0000000080e00000| Complete 
|  15|0x0000000080f00000, 0x0000000081000000, 0x0000000081000000|100%|HS|  |TAMS 0x0000000081000000, 0x0000000080f00000| Complete 
|  16|0x0000000081000000, 0x0000000081100000, 0x0000000081100000|100%|HS|  |TAMS 0x0000000081100000, 0x0000000081000000| Complete 
|  17|0x0000000081100000, 0x0000000081200000, 0x0000000081200000|100%|HS|  |TAMS 0x0000000081200000, 0x0000000081100000| Complete 
|  18|0x0000000081200000, 0x0000000081300000, 0x0000000081300000|100%| O|  |TAMS 0x0000000081300000, 0x0000000081200000| Updating 
|  19|0x0000000081300000, 0x0000000081400000, 0x0000000081400000|100%| O|  |TAMS 0x0000000081400000, 0x0000000081300000| Updating 
|  20|0x0000000081400000, 0x0000000081500000, 0x0000000081500000|100%| O|  |TAMS 0x0000000081500000, 0x0000000081400000| Updating 
|  21|0x0000000081500000, 0x0000000081600000, 0x0000000081600000|100%| O|  |TAMS 0x0000000081600000, 0x0000000081500000| Updating 
|  22|0x0000000081600000, 0x0000000081700000, 0x0000000081700000|100%| O|  |TAMS 0x0000000081700000, 0x0000000081600000| Updating 
|  23|0x0000000081700000, 0x0000000081800000, 0x0000000081800000|100%| O|  |TAMS 0x0000000081800000, 0x0000000081700000| Updating 
|  24|0x0000000081800000, 0x0000000081900000, 0x0000000081900000|100%| O|  |TAMS 0x0000000081900000, 0x0000000081800000| Updating 
|  25|0x0000000081900000, 0x0000000081a00000, 0x0000000081a00000|100%| O|  |TAMS 0x0000000081a00000, 0x0000000081900000| Updating 
|  26|0x0000000081a00000, 0x0000000081b00000, 0x0000000081b00000|100%| O|  |TAMS 0x0000000081b00000, 0x0000000081a00000| Updating 
|  27|0x0000000081b00000, 0x0000000081c00000, 0x0000000081c00000|100%| O|  |TAMS 0x0000000081c00000, 0x0000000081b00000| Updating 
|  28|0x0000000081c00000, 0x0000000081d00000, 0x0000000081d00000|100%| O|  |TAMS 0x0000000081d00000, 0x0000000081c00000| Updating 
|  29|0x0000000081d00000, 0x0000000081e00000, 0x0000000081e00000|100%|HS|  |TAMS 0x0000000081e00000, 0x0000000081d00000| Complete 
|  30|0x0000000081e00000, 0x0000000081f00000, 0x0000000081f00000|100%|HC|  |TAMS 0x0000000081f00000, 0x0000000081e00000| Complete 
|  31|0x0000000081f00000, 0x0000000082000000, 0x0000000082000000|100%|HC|  |TAMS 0x0000000082000000, 0x0000000081f00000| Complete 
|  32|0x0000000082000000, 0x0000000082100000, 0x0000000082100000|100%|HS|  |TAMS 0x0000000082100000, 0x0000000082000000| Complete 
|  33|0x0000000082100000, 0x0000000082200000, 0x0000000082200000|100%|HC|  |TAMS 0x0000000082200000, 0x0000000082100000| Complete 
|  34|0x0000000082200000, 0x0000000082300000, 0x0000000082300000|100%| O|  |TAMS 0x0000000082300000, 0x0000000082200000| Updating 
|  35|0x0000000082300000, 0x0000000082400000, 0x0000000082400000|100%| O|  |TAMS 0x0000000082400000, 0x0000000082300000| Updating 
|  36|0x0000000082400000, 0x0000000082500000, 0x0000000082500000|100%| O|  |TAMS 0x0000000082500000, 0x0000000082400000| Updating 
|  37|0x0000000082500000, 0x0000000082600000, 0x0000000082600000|100%| O|  |TAMS 0x0000000082600000, 0x0000000082500000| Updating 
|  38|0x0000000082600000, 0x0000000082700000, 0x0000000082700000|100%| O|  |TAMS 0x0000000082700000, 0x0000000082600000| Updating 
|  39|0x0000000082700000, 0x0000000082800000, 0x0000000082800000|100%| O|  |TAMS 0x0000000082800000, 0x0000000082700000| Updating 
|  40|0x0000000082800000, 0x0000000082900000, 0x0000000082900000|100%| O|  |TAMS 0x0000000082900000, 0x0000000082800000| Updating 
|  41|0x0000000082900000, 0x0000000082a00000, 0x0000000082a00000|100%| O|  |TAMS 0x0000000082a00000, 0x0000000082900000| Updating 
|  42|0x0000000082a00000, 0x0000000082b00000, 0x0000000082b00000|100%| O|  |TAMS 0x0000000082b00000, 0x0000000082a00000| Updating 
|  43|0x0000000082b00000, 0x0000000082c00000, 0x0000000082c00000|100%| O|  |TAMS 0x0000000082c00000, 0x0000000082b00000| Updating 
|  44|0x0000000082c00000, 0x0000000082d00000, 0x0000000082d00000|100%| O|  |TAMS 0x0000000082d00000, 0x0000000082c00000| Updating 
|  45|0x0000000082d00000, 0x0000000082e00000, 0x0000000082e00000|100%| O|  |TAMS 0x0000000082e00000, 0x0000000082d00000| Updating 
|  46|0x0000000082e00000, 0x0000000082f00000, 0x0000000082f00000|100%| O|  |TAMS 0x0000000082f00000, 0x0000000082e00000| Updating 
|  47|0x0000000082f00000, 0x0000000083000000, 0x0000000083000000|100%| O|  |TAMS 0x0000000083000000, 0x0000000082f00000| Updating 
|  48|0x0000000083000000, 0x0000000083100000, 0x0000000083100000|100%| O|  |TAMS 0x0000000083100000, 0x0000000083000000| Updating 
|  49|0x0000000083100000, 0x0000000083200000, 0x0000000083200000|100%| O|  |TAMS 0x0000000083200000, 0x0000000083100000| Updating 
|  50|0x0000000083200000, 0x0000000083300000, 0x0000000083300000|100%| O|  |TAMS 0x0000000083300000, 0x0000000083200000| Updating 
|  51|0x0000000083300000, 0x0000000083400000, 0x0000000083400000|100%| O|  |TAMS 0x0000000083400000, 0x0000000083300000| Updating 
|  52|0x0000000083400000, 0x0000000083500000, 0x0000000083500000|100%| O|  |TAMS 0x0000000083500000, 0x0000000083400000| Updating 
|  53|0x0000000083500000, 0x0000000083600000, 0x0000000083600000|100%| O|  |TAMS 0x0000000083600000, 0x0000000083500000| Updating 
|  54|0x0000000083600000, 0x0000000083700000, 0x0000000083700000|100%| O|  |TAMS 0x0000000083700000, 0x0000000083600000| Updating 
|  55|0x0000000083700000, 0x0000000083800000, 0x0000000083800000|100%| O|  |TAMS 0x0000000083800000, 0x0000000083700000| Updating 
|  56|0x0000000083800000, 0x0000000083900000, 0x0000000083900000|100%| O|  |TAMS 0x0000000083900000, 0x0000000083800000| Updating 
|  57|0x0000000083900000, 0x0000000083a00000, 0x0000000083a00000|100%| O|  |TAMS 0x0000000083a00000, 0x0000000083900000| Updating 
|  58|0x0000000083a00000, 0x0000000083b00000, 0x0000000083b00000|100%| O|  |TAMS 0x0000000083b00000, 0x0000000083a00000| Updating 
|  59|0x0000000083b00000, 0x0000000083c00000, 0x0000000083c00000|100%| O|  |TAMS 0x0000000083c00000, 0x0000000083b00000| Updating 
|  60|0x0000000083c00000, 0x0000000083d00000, 0x0000000083d00000|100%| O|  |TAMS 0x0000000083d00000, 0x0000000083c00000| Updating 
|  61|0x0000000083d00000, 0x0000000083e00000, 0x0000000083e00000|100%| O|  |TAMS 0x0000000083e00000, 0x0000000083d00000| Updating 
|  62|0x0000000083e00000, 0x0000000083f00000, 0x0000000083f00000|100%| O|  |TAMS 0x0000000083f00000, 0x0000000083e00000| Updating 
|  63|0x0000000083f00000, 0x0000000084000000, 0x0000000084000000|100%| O|  |TAMS 0x0000000084000000, 0x0000000083f00000| Updating 
|  64|0x0000000084000000, 0x0000000084100000, 0x0000000084100000|100%| O|  |TAMS 0x0000000084100000, 0x0000000084000000| Updating 
|  65|0x0000000084100000, 0x0000000084200000, 0x0000000084200000|100%| O|  |TAMS 0x0000000084200000, 0x0000000084100000| Updating 
|  66|0x0000000084200000, 0x0000000084300000, 0x0000000084300000|100%| O|  |TAMS 0x0000000084300000, 0x0000000084200000| Updating 
|  67|0x0000000084300000, 0x0000000084400000, 0x0000000084400000|100%| O|  |TAMS 0x0000000084400000, 0x0000000084300000| Updating 
|  68|0x0000000084400000, 0x0000000084500000, 0x0000000084500000|100%| O|  |TAMS 0x0000000084500000, 0x0000000084400000| Updating 
|  69|0x0000000084500000, 0x0000000084600000, 0x0000000084600000|100%| O|  |TAMS 0x0000000084600000, 0x0000000084500000| Updating 
|  70|0x0000000084600000, 0x0000000084700000, 0x0000000084700000|100%| O|  |TAMS 0x0000000084700000, 0x0000000084600000| Updating 
|  71|0x0000000084700000, 0x0000000084800000, 0x0000000084800000|100%| O|  |TAMS 0x0000000084800000, 0x0000000084700000| Updating 
|  72|0x0000000084800000, 0x0000000084900000, 0x0000000084900000|100%| O|  |TAMS 0x0000000084900000, 0x0000000084800000| Updating 
|  73|0x0000000084900000, 0x0000000084a00000, 0x0000000084a00000|100%| O|  |TAMS 0x0000000084a00000, 0x0000000084900000| Updating 
|  74|0x0000000084a00000, 0x0000000084b00000, 0x0000000084b00000|100%| O|  |TAMS 0x0000000084b00000, 0x0000000084a00000| Updating 
|  75|0x0000000084b00000, 0x0000000084c00000, 0x0000000084c00000|100%| O|  |TAMS 0x0000000084c00000, 0x0000000084b00000| Updating 
|  76|0x0000000084c00000, 0x0000000084d00000, 0x0000000084d00000|100%| O|  |TAMS 0x0000000084d00000, 0x0000000084c00000| Updating 
|  77|0x0000000084d00000, 0x0000000084e00000, 0x0000000084e00000|100%| O|  |TAMS 0x0000000084e00000, 0x0000000084d00000| Updating 
|  78|0x0000000084e00000, 0x0000000084f00000, 0x0000000084f00000|100%| O|  |TAMS 0x0000000084f00000, 0x0000000084e00000| Updating 
|  79|0x0000000084f00000, 0x0000000085000000, 0x0000000085000000|100%| O|  |TAMS 0x0000000085000000, 0x0000000084f00000| Updating 
|  80|0x0000000085000000, 0x0000000085100000, 0x0000000085100000|100%| O|  |TAMS 0x0000000085100000, 0x0000000085000000| Updating 
|  81|0x0000000085100000, 0x0000000085200000, 0x0000000085200000|100%| O|  |TAMS 0x0000000085200000, 0x0000000085100000| Updating 
|  82|0x0000000085200000, 0x0000000085300000, 0x0000000085300000|100%| O|  |TAMS 0x0000000085300000, 0x0000000085200000| Updating 
|  83|0x0000000085300000, 0x0000000085400000, 0x0000000085400000|100%| O|  |TAMS 0x0000000085400000, 0x0000000085300000| Updating 
|  84|0x0000000085400000, 0x0000000085500000, 0x0000000085500000|100%| O|  |TAMS 0x0000000085500000, 0x0000000085400000| Updating 
|  85|0x0000000085500000, 0x0000000085600000, 0x0000000085600000|100%| O|  |TAMS 0x0000000085600000, 0x0000000085500000| Updating 
|  86|0x0000000085600000, 0x0000000085700000, 0x0000000085700000|100%|HS|  |TAMS 0x0000000085700000, 0x0000000085600000| Complete 
|  87|0x0000000085700000, 0x0000000085800000, 0x0000000085800000|100%|HC|  |TAMS 0x0000000085800000, 0x0000000085700000| Complete 
|  88|0x0000000085800000, 0x0000000085900000, 0x0000000085900000|100%| O|  |TAMS 0x0000000085900000, 0x0000000085800000| Updating 
|  89|0x0000000085900000, 0x0000000085a00000, 0x0000000085a00000|100%| O|  |TAMS 0x0000000085a00000, 0x0000000085900000| Updating 
|  90|0x0000000085a00000, 0x0000000085b00000, 0x0000000085b00000|100%| O|  |TAMS 0x0000000085b00000, 0x0000000085a00000| Updating 
|  91|0x0000000085b00000, 0x0000000085c00000, 0x0000000085c00000|100%| O|  |TAMS 0x0000000085c00000, 0x0000000085b00000| Updating 
|  92|0x0000000085c00000, 0x0000000085d00000, 0x0000000085d00000|100%| O|  |TAMS 0x0000000085d00000, 0x0000000085c00000| Updating 
|  93|0x0000000085d00000, 0x0000000085e00000, 0x0000000085e00000|100%| O|  |TAMS 0x0000000085e00000, 0x0000000085d00000| Updating 
|  94|0x0000000085e00000, 0x0000000085f00000, 0x0000000085f00000|100%| O|  |TAMS 0x0000000085f00000, 0x0000000085e00000| Updating 
|  95|0x0000000085f00000, 0x0000000086000000, 0x0000000086000000|100%| O|  |TAMS 0x0000000086000000, 0x0000000085f00000| Updating 
|  96|0x0000000086000000, 0x0000000086100000, 0x0000000086100000|100%| O|  |TAMS 0x0000000086100000, 0x0000000086000000| Updating 
|  97|0x0000000086100000, 0x0000000086200000, 0x0000000086200000|100%| O|  |TAMS 0x0000000086200000, 0x0000000086100000| Updating 
|  98|0x0000000086200000, 0x0000000086300000, 0x0000000086300000|100%| O|  |TAMS 0x0000000086300000, 0x0000000086200000| Updating 
|  99|0x0000000086300000, 0x0000000086400000, 0x0000000086400000|100%| O|  |TAMS 0x0000000086400000, 0x0000000086300000| Updating 
| 100|0x0000000086400000, 0x0000000086500000, 0x0000000086500000|100%| O|  |TAMS 0x0000000086500000, 0x0000000086400000| Updating 
| 101|0x0000000086500000, 0x0000000086600000, 0x0000000086600000|100%| O|  |TAMS 0x0000000086600000, 0x0000000086500000| Updating 
| 102|0x0000000086600000, 0x0000000086700000, 0x0000000086700000|100%| O|  |TAMS 0x0000000086700000, 0x0000000086600000| Updating 
| 103|0x0000000086700000, 0x0000000086800000, 0x0000000086800000|100%| O|  |TAMS 0x0000000086800000, 0x0000000086700000| Updating 
| 104|0x0000000086800000, 0x0000000086900000, 0x0000000086900000|100%| O|  |TAMS 0x0000000086900000, 0x0000000086800000| Updating 
| 105|0x0000000086900000, 0x0000000086a00000, 0x0000000086a00000|100%| O|  |TAMS 0x0000000086a00000, 0x0000000086900000| Updating 
| 106|0x0000000086a00000, 0x0000000086b00000, 0x0000000086b00000|100%| O|  |TAMS 0x0000000086b00000, 0x0000000086a00000| Updating 
| 107|0x0000000086b00000, 0x0000000086c00000, 0x0000000086c00000|100%| O|  |TAMS 0x0000000086c00000, 0x0000000086b00000| Updating 
| 108|0x0000000086c00000, 0x0000000086d00000, 0x0000000086d00000|100%| O|  |TAMS 0x0000000086d00000, 0x0000000086c00000| Updating 
| 109|0x0000000086d00000, 0x0000000086e00000, 0x0000000086e00000|100%| O|  |TAMS 0x0000000086d32c00, 0x0000000086d00000| Updating 
| 110|0x0000000086e00000, 0x0000000086f00000, 0x0000000086f00000|100%| O|  |TAMS 0x0000000086e00000, 0x0000000086e00000| Untracked 
| 111|0x0000000086f00000, 0x0000000087000000, 0x0000000087000000|100%| O|  |TAMS 0x0000000086f00000, 0x0000000086f00000| Untracked 
| 112|0x0000000087000000, 0x0000000087100000, 0x0000000087100000|100%| O|  |TAMS 0x0000000087000000, 0x0000000087000000| Untracked 
| 113|0x0000000087100000, 0x0000000087200000, 0x0000000087200000|100%| O|  |TAMS 0x0000000087100000, 0x0000000087100000| Untracked 
| 114|0x0000000087200000, 0x0000000087300000, 0x0000000087300000|100%| O|  |TAMS 0x0000000087200000, 0x0000000087200000| Untracked 
| 115|0x0000000087300000, 0x0000000087400000, 0x0000000087400000|100%| O|  |TAMS 0x0000000087300000, 0x0000000087300000| Untracked 
| 116|0x0000000087400000, 0x00000000874b6400, 0x0000000087500000| 71%| O|  |TAMS 0x0000000087400000, 0x0000000087400000| Updating 
| 117|0x0000000087500000, 0x0000000087500000, 0x0000000087600000|  0%| F|  |TAMS 0x0000000087500000, 0x0000000087500000| Untracked 
| 118|0x0000000087600000, 0x0000000087600000, 0x0000000087700000|  0%| F|  |TAMS 0x0000000087600000, 0x0000000087600000| Untracked 
| 119|0x0000000087700000, 0x0000000087700000, 0x0000000087800000|  0%| F|  |TAMS 0x0000000087700000, 0x0000000087700000| Untracked 
| 120|0x0000000087800000, 0x0000000087800000, 0x0000000087900000|  0%| F|  |TAMS 0x0000000087800000, 0x0000000087800000| Untracked 
| 121|0x0000000087900000, 0x0000000087900000, 0x0000000087a00000|  0%| F|  |TAMS 0x0000000087900000, 0x0000000087900000| Untracked 
| 122|0x0000000087a00000, 0x0000000087a00000, 0x0000000087b00000|  0%| F|  |TAMS 0x0000000087a00000, 0x0000000087a00000| Untracked 
| 123|0x0000000087b00000, 0x0000000087b00000, 0x0000000087c00000|  0%| F|  |TAMS 0x0000000087b00000, 0x0000000087b00000| Untracked 
| 124|0x0000000087c00000, 0x0000000087c00000, 0x0000000087d00000|  0%| F|  |TAMS 0x0000000087c00000, 0x0000000087c00000| Untracked 
| 125|0x0000000087d00000, 0x0000000087d00000, 0x0000000087e00000|  0%| F|  |TAMS 0x0000000087d00000, 0x0000000087d00000| Untracked 
| 126|0x0000000087e00000, 0x0000000087e00000, 0x0000000087f00000|  0%| F|  |TAMS 0x0000000087e00000, 0x0000000087e00000| Untracked 
| 127|0x0000000087f00000, 0x0000000087f00000, 0x0000000088000000|  0%| F|  |TAMS 0x0000000087f00000, 0x0000000087f00000| Untracked 
| 128|0x0000000088000000, 0x0000000088000000, 0x0000000088100000|  0%| F|  |TAMS 0x0000000088000000, 0x0000000088000000| Untracked 
| 129|0x0000000088100000, 0x0000000088100000, 0x0000000088200000|  0%| F|  |TAMS 0x0000000088100000, 0x0000000088100000| Untracked 
| 130|0x0000000088200000, 0x0000000088200000, 0x0000000088300000|  0%| F|  |TAMS 0x0000000088200000, 0x0000000088200000| Untracked 
| 131|0x0000000088300000, 0x0000000088300000, 0x0000000088400000|  0%| F|  |TAMS 0x0000000088300000, 0x0000000088300000| Untracked 
| 132|0x0000000088400000, 0x0000000088400000, 0x0000000088500000|  0%| F|  |TAMS 0x0000000088400000, 0x0000000088400000| Untracked 
| 133|0x0000000088500000, 0x0000000088500000, 0x0000000088600000|  0%| F|  |TAMS 0x0000000088500000, 0x0000000088500000| Untracked 
| 134|0x0000000088600000, 0x0000000088600000, 0x0000000088700000|  0%| F|  |TAMS 0x0000000088600000, 0x0000000088600000| Untracked 
| 135|0x0000000088700000, 0x0000000088700000, 0x0000000088800000|  0%| F|  |TAMS 0x0000000088700000, 0x0000000088700000| Untracked 
| 136|0x0000000088800000, 0x0000000088800000, 0x0000000088900000|  0%| F|  |TAMS 0x0000000088800000, 0x0000000088800000| Untracked 
| 137|0x0000000088900000, 0x0000000088a00000, 0x0000000088a00000|100%| S|CS|TAMS 0x0000000088900000, 0x0000000088900000| Complete 
| 138|0x0000000088a00000, 0x0000000088b00000, 0x0000000088b00000|100%| S|CS|TAMS 0x0000000088a00000, 0x0000000088a00000| Complete 
| 139|0x0000000088b00000, 0x0000000088c00000, 0x0000000088c00000|100%| S|CS|TAMS 0x0000000088b00000, 0x0000000088b00000| Complete 
| 140|0x0000000088c00000, 0x0000000088c00000, 0x0000000088d00000|  0%| F|  |TAMS 0x0000000088c00000, 0x0000000088c00000| Untracked 
| 141|0x0000000088d00000, 0x0000000088d00000, 0x0000000088e00000|  0%| F|  |TAMS 0x0000000088d00000, 0x0000000088d00000| Untracked 
| 142|0x0000000088e00000, 0x0000000088e00000, 0x0000000088f00000|  0%| F|  |TAMS 0x0000000088e00000, 0x0000000088e00000| Untracked 
| 143|0x0000000088f00000, 0x0000000088f00000, 0x0000000089000000|  0%| F|  |TAMS 0x0000000088f00000, 0x0000000088f00000| Untracked 
| 144|0x0000000089000000, 0x0000000089000000, 0x0000000089100000|  0%| F|  |TAMS 0x0000000089000000, 0x0000000089000000| Untracked 
| 145|0x0000000089100000, 0x0000000089100000, 0x0000000089200000|  0%| F|  |TAMS 0x0000000089100000, 0x0000000089100000| Untracked 
| 146|0x0000000089200000, 0x0000000089200000, 0x0000000089300000|  0%| F|  |TAMS 0x0000000089200000, 0x0000000089200000| Untracked 
| 147|0x0000000089300000, 0x00000000893d47a0, 0x0000000089400000| 82%| E|  |TAMS 0x0000000089300000, 0x0000000089300000| Complete 
| 148|0x0000000089400000, 0x0000000089500000, 0x0000000089500000|100%| E|CS|TAMS 0x0000000089400000, 0x0000000089400000| Complete 
| 149|0x0000000089500000, 0x0000000089600000, 0x0000000089600000|100%| E|CS|TAMS 0x0000000089500000, 0x0000000089500000| Complete 
| 150|0x0000000089600000, 0x0000000089700000, 0x0000000089700000|100%| E|CS|TAMS 0x0000000089600000, 0x0000000089600000| Complete 
| 151|0x0000000089700000, 0x0000000089800000, 0x0000000089800000|100%| E|CS|TAMS 0x0000000089700000, 0x0000000089700000| Complete 
| 152|0x0000000089800000, 0x0000000089900000, 0x0000000089900000|100%| E|CS|TAMS 0x0000000089800000, 0x0000000089800000| Complete 
| 153|0x0000000089900000, 0x0000000089a00000, 0x0000000089a00000|100%| E|CS|TAMS 0x0000000089900000, 0x0000000089900000| Complete 
| 154|0x0000000089a00000, 0x0000000089b00000, 0x0000000089b00000|100%| E|CS|TAMS 0x0000000089a00000, 0x0000000089a00000| Complete 
| 155|0x0000000089b00000, 0x0000000089c00000, 0x0000000089c00000|100%| E|CS|TAMS 0x0000000089b00000, 0x0000000089b00000| Complete 
| 156|0x0000000089c00000, 0x0000000089d00000, 0x0000000089d00000|100%| E|CS|TAMS 0x0000000089c00000, 0x0000000089c00000| Complete 
| 157|0x0000000089d00000, 0x0000000089e00000, 0x0000000089e00000|100%| E|CS|TAMS 0x0000000089d00000, 0x0000000089d00000| Complete 
| 158|0x0000000089e00000, 0x0000000089f00000, 0x0000000089f00000|100%| E|CS|TAMS 0x0000000089e00000, 0x0000000089e00000| Complete 
| 159|0x0000000089f00000, 0x000000008a000000, 0x000000008a000000|100%| E|CS|TAMS 0x0000000089f00000, 0x0000000089f00000| Complete 

Card table byte_map: [0x000001eac9350000,0x000001eac9750000] _byte_map_base: 0x000001eac8f50000

Marking Bits (Prev, Next): (CMBitMap*) 0x000001eab6492028, (CMBitMap*) 0x000001eab6492060
 Prev Bits: [0x000001eac9b50000, 0x000001eacbb50000)
 Next Bits: [0x000001eacbb50000, 0x000001eacdb50000)

Polling page: 0x000001eab45e0000

Metaspace:

Usage:
  Non-class:     83.48 MB capacity,    82.06 MB ( 98%) used,     1.15 MB (  1%) free+waste,   280.44 KB ( <1%) overhead. 
      Class:     13.12 MB capacity,    12.26 MB ( 93%) used,   754.91 KB (  6%) free+waste,   125.69 KB ( <1%) overhead. 
       Both:     96.60 MB capacity,    94.32 MB ( 98%) used,     1.88 MB (  2%) free+waste,   406.13 KB ( <1%) overhead. 

Virtual space:
  Non-class space:       84.00 MB reserved,      83.66 MB (>99%) committed 
      Class space:        1.00 GB reserved,      13.13 MB (  1%) committed 
             Both:        1.08 GB reserved,      96.79 MB (  9%) committed 

Chunk freelists:
   Non-Class:  59.00 KB
       Class:  4.00 KB
        Both:  63.00 KB

MaxMetaspaceSize: 17179869184.00 GB
CompressedClassSpaceSize: 1.00 GB

CodeHeap 'non-profiled nmethods': size=120064Kb used=7381Kb max_used=7381Kb free=112682Kb
 bounds [0x000001eac1a10000, 0x000001eac2150000, 0x000001eac8f50000]
CodeHeap 'profiled nmethods': size=120000Kb used=25900Kb max_used=25900Kb free=94099Kb
 bounds [0x000001eaba4e0000, 0x000001eabbe30000, 0x000001eac1a10000]
CodeHeap 'non-nmethods': size=5696Kb used=2305Kb max_used=2350Kb free=3390Kb
 bounds [0x000001eab9f50000, 0x000001eaba1c0000, 0x000001eaba4e0000]
 total_blobs=12719 nmethods=11808 adapters=822
 compilation: enabled
              stopped_count=0, restarted_count=0
 full_count=0

Compilation events (20 events):
Event: 40.120 Thread 0x000001ead0086800 nmethod 11857 0x000001eabbe1b110 code [0x000001eabbe1b2e0, 0x000001eabbe1b418]
Event: 40.120 Thread 0x000001ead0086800 11858       2       com.android.tools.r8.graph.d::c (6 bytes)
Event: 40.121 Thread 0x000001ead0086800 nmethod 11858 0x000001eabbe1b510 code [0x000001eabbe1b6e0, 0x000001eabbe1b998]
Event: 40.121 Thread 0x000001ead0086800 11859       2       com.android.tools.r8.internal.DI0::a (13 bytes)
Event: 40.121 Thread 0x000001ead0086800 nmethod 11859 0x000001eabbe1bb10 code [0x000001eabbe1bcc0, 0x000001eabbe1be48]
Event: 40.121 Thread 0x000001ead0086800 11860       2       com.android.tools.r8.graph.d$$Lambda$1211/0x0000000100ce3040::apply (12 bytes)
Event: 40.121 Thread 0x000001ead0086800 nmethod 11860 0x000001eabbe1bf10 code [0x000001eabbe1c0c0, 0x000001eabbe1c208]
Event: 40.121 Thread 0x000001ead0086800 11861       2       com.android.tools.r8.graph.r2::a (154 bytes)
Event: 40.121 Thread 0x000001ead0086800 nmethod 11861 0x000001eabbe1c310 code [0x000001eabbe1c520, 0x000001eabbe1c7d8]
Event: 40.122 Thread 0x000001ead0086800 11862       2       com.android.tools.r8.internal.mF0$$Lambda$1181/0x0000000100cbc440::a (5 bytes)
Event: 40.122 Thread 0x000001ead0086800 nmethod 11862 0x000001eabbe1ca10 code [0x000001eabbe1cbe0, 0x000001eabbe1cd38]
Event: 40.122 Thread 0x000001ead0086800 11863       2       com.android.tools.r8.internal.mF0::a (19 bytes)
Event: 40.122 Thread 0x000001ead0086800 nmethod 11863 0x000001eabbe1ce10 code [0x000001eabbe1cfe0, 0x000001eabbe1d118]
Event: 40.125 Thread 0x000001ead0086800 11864       2       com.android.tools.r8.graph.e2::a (48 bytes)
Event: 40.126 Thread 0x000001ead0086800 nmethod 11864 0x000001eabbe1d210 code [0x000001eabbe1d3e0, 0x000001eabbe1d638]
Event: 40.146 Thread 0x000001ead0086800 11865       1       com.android.tools.r8.graph.P0::b (5 bytes)
Event: 40.146 Thread 0x000001ead0086800 nmethod 11865 0x000001eac2144710 code [0x000001eac21448c0, 0x000001eac2144978]
Event: 40.146 Thread 0x000001ead0086800 11866       1       com.android.tools.r8.graph.P0::a (5 bytes)
Event: 40.146 Thread 0x000001ead0086800 nmethod 11866 0x000001eac2144a10 code [0x000001eac2144bc0, 0x000001eac2144c78]
Event: 40.152 Thread 0x000001ead0086800 11867       2       com.android.tools.r8.graph.H::a (32 bytes)

GC Heap History (20 events):
Event: 28.205 GC heap before
{Heap before GC invocations=21 (full 0):
 garbage-first heap   total 163840K, used 131096K [0x0000000080000000, 0x0000000100000000)
  region size 1024K, 64 young (65536K), 8 survivors (8192K)
 Metaspace       used 85716K, capacity 87896K, committed 88100K, reserved 1126400K
  class space    used 11274K, capacity 12066K, committed 12160K, reserved 1048576K
}
Event: 28.219 GC heap after
{Heap after GC invocations=22 (full 0):
 garbage-first heap   total 163840K, used 78848K [0x0000000080000000, 0x0000000100000000)
  region size 1024K, 8 young (8192K), 8 survivors (8192K)
 Metaspace       used 85716K, capacity 87896K, committed 88100K, reserved 1126400K
  class space    used 11274K, capacity 12066K, committed 12160K, reserved 1048576K
}
Event: 29.186 GC heap before
{Heap before GC invocations=22 (full 0):
 garbage-first heap   total 163840K, used 133120K [0x0000000080000000, 0x0000000100000000)
  region size 1024K, 62 young (63488K), 8 survivors (8192K)
 Metaspace       used 86491K, capacity 88670K, committed 88868K, reserved 1126400K
  class space    used 11321K, capacity 12155K, committed 12160K, reserved 1048576K
}
Event: 29.199 GC heap after
{Heap after GC invocations=23 (full 0):
 garbage-first heap   total 163840K, used 82944K [0x0000000080000000, 0x0000000100000000)
  region size 1024K, 4 young (4096K), 4 survivors (4096K)
 Metaspace       used 86491K, capacity 88670K, committed 88868K, reserved 1126400K
  class space    used 11321K, capacity 12155K, committed 12160K, reserved 1048576K
}
Event: 30.134 GC heap before
{Heap before GC invocations=23 (full 0):
 garbage-first heap   total 163840K, used 135168K [0x0000000080000000, 0x0000000100000000)
  region size 1024K, 56 young (57344K), 4 survivors (4096K)
 Metaspace       used 88852K, capacity 91129K, committed 91300K, reserved 1128448K
  class space    used 11575K, capacity 12429K, committed 12544K, reserved 1048576K
}
Event: 30.145 GC heap after
{Heap after GC invocations=24 (full 0):
 garbage-first heap   total 163840K, used 85583K [0x0000000080000000, 0x0000000100000000)
  region size 1024K, 3 young (3072K), 3 survivors (3072K)
 Metaspace       used 88852K, capacity 91129K, committed 91300K, reserved 1128448K
  class space    used 11575K, capacity 12429K, committed 12544K, reserved 1048576K
}
Event: 31.044 GC heap before
{Heap before GC invocations=25 (full 0):
 garbage-first heap   total 163840K, used 135759K [0x0000000080000000, 0x0000000100000000)
  region size 1024K, 53 young (54272K), 3 survivors (3072K)
 Metaspace       used 91423K, capacity 93550K, committed 93860K, reserved 1130496K
  class space    used 11859K, capacity 12678K, committed 12800K, reserved 1048576K
}
Event: 31.055 GC heap after
{Heap after GC invocations=26 (full 0):
 garbage-first heap   total 163840K, used 88468K [0x0000000080000000, 0x0000000100000000)
  region size 1024K, 6 young (6144K), 6 survivors (6144K)
 Metaspace       used 91423K, capacity 93550K, committed 93860K, reserved 1130496K
  class space    used 11859K, capacity 12678K, committed 12800K, reserved 1048576K
}
Event: 31.891 GC heap before
{Heap before GC invocations=26 (full 0):
 garbage-first heap   total 163840K, used 127380K [0x0000000080000000, 0x0000000100000000)
  region size 1024K, 46 young (47104K), 6 survivors (6144K)
 Metaspace       used 91764K, capacity 93967K, committed 94116K, reserved 1130496K
  class space    used 11896K, capacity 12726K, committed 12800K, reserved 1048576K
}
Event: 31.968 GC heap after
{Heap after GC invocations=27 (full 0):
 garbage-first heap   total 163840K, used 90169K [0x0000000080000000, 0x0000000100000000)
  region size 1024K, 5 young (5120K), 5 survivors (5120K)
 Metaspace       used 91764K, capacity 93967K, committed 94116K, reserved 1130496K
  class space    used 11896K, capacity 12726K, committed 12800K, reserved 1048576K
}
Event: 36.256 GC heap before
{Heap before GC invocations=28 (full 0):
 garbage-first heap   total 163840K, used 142393K [0x0000000080000000, 0x0000000100000000)
  region size 1024K, 51 young (52224K), 5 survivors (5120K)
 Metaspace       used 92453K, capacity 94681K, committed 95012K, reserved 1132544K
  class space    used 12000K, capacity 12834K, committed 12928K, reserved 1048576K
}
Event: 36.340 GC heap after
{Heap after GC invocations=29 (full 0):
 garbage-first heap   total 163840K, used 102291K [0x0000000080000000, 0x0000000100000000)
  region size 1024K, 7 young (7168K), 7 survivors (7168K)
 Metaspace       used 92453K, capacity 94681K, committed 95012K, reserved 1132544K
  class space    used 12000K, capacity 12834K, committed 12928K, reserved 1048576K
}
Event: 38.608 GC heap before
{Heap before GC invocations=29 (full 0):
 garbage-first heap   total 163840K, used 134035K [0x0000000080000000, 0x0000000100000000)
  region size 1024K, 39 young (39936K), 7 survivors (7168K)
 Metaspace       used 94243K, capacity 96545K, committed 96804K, reserved 1132544K
  class space    used 12240K, capacity 13075K, committed 13184K, reserved 1048576K
}
Event: 38.651 GC heap after
{Heap after GC invocations=30 (full 0):
 garbage-first heap   total 163840K, used 107520K [0x0000000080000000, 0x0000000100000000)
  region size 1024K, 5 young (5120K), 5 survivors (5120K)
 Metaspace       used 94243K, capacity 96545K, committed 96804K, reserved 1132544K
  class space    used 12240K, capacity 13075K, committed 13184K, reserved 1048576K
}
Event: 39.727 GC heap before
{Heap before GC invocations=31 (full 0):
 garbage-first heap   total 163840K, used 135168K [0x0000000080000000, 0x0000000100000000)
  region size 1024K, 32 young (32768K), 5 survivors (5120K)
 Metaspace       used 95377K, capacity 97646K, committed 97956K, reserved 1134592K
  class space    used 12376K, capacity 13227K, committed 13312K, reserved 1048576K
}
Event: 39.735 GC heap after
{Heap after GC invocations=32 (full 0):
 garbage-first heap   total 163840K, used 110504K [0x0000000080000000, 0x0000000100000000)
  region size 1024K, 4 young (4096K), 4 survivors (4096K)
 Metaspace       used 95377K, capacity 97646K, committed 97956K, reserved 1134592K
  class space    used 12376K, capacity 13227K, committed 13312K, reserved 1048576K
}
Event: 39.897 GC heap before
{Heap before GC invocations=32 (full 0):
 garbage-first heap   total 163840K, used 135080K [0x0000000080000000, 0x0000000100000000)
  region size 1024K, 28 young (28672K), 4 survivors (4096K)
 Metaspace       used 95925K, capacity 98224K, committed 98596K, reserved 1134592K
  class space    used 12463K, capacity 13313K, committed 13440K, reserved 1048576K
}
Event: 39.909 GC heap after
{Heap after GC invocations=33 (full 0):
 garbage-first heap   total 163840K, used 115915K [0x0000000080000000, 0x0000000100000000)
  region size 1024K, 4 young (4096K), 4 survivors (4096K)
 Metaspace       used 95925K, capacity 98224K, committed 98596K, reserved 1134592K
  class space    used 12463K, capacity 13313K, committed 13440K, reserved 1048576K
}
Event: 40.054 GC heap before
{Heap before GC invocations=33 (full 0):
 garbage-first heap   total 163840K, used 136395K [0x0000000080000000, 0x0000000100000000)
  region size 1024K, 24 young (24576K), 4 survivors (4096K)
 Metaspace       used 95971K, capacity 98300K, committed 98596K, reserved 1134592K
  class space    used 12467K, capacity 13316K, committed 13440K, reserved 1048576K
}
Event: 40.067 GC heap after
{Heap after GC invocations=34 (full 0):
 garbage-first heap   total 163840K, used 122585K [0x0000000080000000, 0x0000000100000000)
  region size 1024K, 3 young (3072K), 3 survivors (3072K)
 Metaspace       used 95971K, capacity 98300K, committed 98596K, reserved 1134592K
  class space    used 12467K, capacity 13316K, committed 13440K, reserved 1048576K
}

Deoptimization events (20 events):
Event: 39.972 Thread 0x000001ead50d1800 DEOPT PACKING pc=0x000001eabbe0a83e sp=0x000000c53d5f9c20
Event: 39.972 Thread 0x000001ead50d1800 DEOPT UNPACKING pc=0x000001eab9f76dde sp=0x000000c53d5f9198 mode 0
Event: 39.980 Thread 0x000001ead50d1800 DEOPT PACKING pc=0x000001eabbe0a83e sp=0x000000c53d5f9c20
Event: 39.980 Thread 0x000001ead50d1800 DEOPT UNPACKING pc=0x000001eab9f76dde sp=0x000000c53d5f9198 mode 0
Event: 39.984 Thread 0x000001ead50d1800 DEOPT PACKING pc=0x000001eabbe0a83e sp=0x000000c53d5f9db0
Event: 39.984 Thread 0x000001ead50d1800 DEOPT UNPACKING pc=0x000001eab9f76dde sp=0x000000c53d5f9328 mode 0
Event: 39.987 Thread 0x000001ead50d1800 DEOPT PACKING pc=0x000001eabbe0a83e sp=0x000000c53d5f9c20
Event: 39.987 Thread 0x000001ead50d1800 DEOPT UNPACKING pc=0x000001eab9f76dde sp=0x000000c53d5f9198 mode 0
Event: 39.991 Thread 0x000001ead50d1800 DEOPT PACKING pc=0x000001eabbe0a83e sp=0x000000c53d5f9c20
Event: 39.991 Thread 0x000001ead50d1800 DEOPT UNPACKING pc=0x000001eab9f76dde sp=0x000000c53d5f9198 mode 0
Event: 39.993 Thread 0x000001ead50d1800 DEOPT PACKING pc=0x000001eabbe0a83e sp=0x000000c53d5f9c20
Event: 39.993 Thread 0x000001ead50d1800 DEOPT UNPACKING pc=0x000001eab9f76dde sp=0x000000c53d5f9198 mode 0
Event: 40.008 Thread 0x000001ead6274000 DEOPT PACKING pc=0x000001eabbe0a83e sp=0x000000c53e1f9cb0
Event: 40.008 Thread 0x000001ead6274000 DEOPT UNPACKING pc=0x000001eab9f76dde sp=0x000000c53e1f9228 mode 0
Event: 40.030 Thread 0x000001ead4b7e800 DEOPT PACKING pc=0x000001eabbe0a83e sp=0x000000c5401f6700
Event: 40.030 Thread 0x000001ead4b7e800 DEOPT UNPACKING pc=0x000001eab9f76dde sp=0x000000c5401f5c78 mode 0
Event: 40.036 Thread 0x000001ead6274000 DEOPT PACKING pc=0x000001eabbe0a83e sp=0x000000c53e1f9be0
Event: 40.036 Thread 0x000001ead6274000 DEOPT UNPACKING pc=0x000001eab9f76dde sp=0x000000c53e1f9158 mode 0
Event: 40.074 Thread 0x000001ead51f3800 DEOPT PACKING pc=0x000001eabbe0a83e sp=0x000000c53ecf9f50
Event: 40.074 Thread 0x000001ead51f3800 DEOPT UNPACKING pc=0x000001eab9f76dde sp=0x000000c53ecf94c8 mode 0

Classes redefined (0 events):
No events

Internal exceptions (20 events):
Event: 27.921 Thread 0x000001ead50d0000 Exception <a 'java/lang/NoSuchMethodError'{0x0000000087c68418}: 'java.lang.Object java.lang.invoke.DirectMethodHandle$Holder.invokeSpecialIFC(java.lang.Object, java.lang.Object, java.lang.Object)'> (0x0000000087c68418) thrown at [./src/hotspot/share/interpreter/linkResolver.cpp, line 773]
Event: 27.959 Thread 0x000001ead627a800 Exception <a 'java/lang/NoSuchMethodError'{0x00000000878ad9d0}: 'int java.lang.invoke.DirectMethodHandle$Holder.invokeStaticInit(java.lang.Object, java.lang.Object, java.lang.Object, java.lang.Object, java.lang.Object)'> (0x00000000878ad9d0) thrown at [./src/hotspot/share/interpreter/linkResolver.cpp, line 773]
Event: 28.113 Thread 0x000001ead50d0800 Exception <a 'java/lang/NoSuchMethodError'{0x0000000086e6d6d8}: 'void java.lang.invoke.DirectMethodHandle$Holder.invokeVirtual(java.lang.Object, java.lang.Object)'> (0x0000000086e6d6d8) thrown at [./src/hotspot/share/interpreter/linkResolver.cpp, line 773]
Event: 28.740 Thread 0x000001ead51f2000 Implicit null exception at 0x000001eac1fbc0e8 to 0x000001eac1fbc974
Event: 36.509 Thread 0x000001ead51f3800 Exception <a 'sun/nio/fs/WindowsException'{0x0000000089c771e0}> (0x0000000089c771e0) thrown at [./src/hotspot/share/prims/jni.cpp, line 615]
Event: 36.590 Thread 0x000001ead4b7e800 Exception <a 'sun/nio/fs/WindowsException'{0x0000000089a21ec8}> (0x0000000089a21ec8) thrown at [./src/hotspot/share/prims/jni.cpp, line 615]
Event: 37.350 Thread 0x000001ead6274000 Exception <a 'sun/nio/fs/WindowsException'{0x00000000890c0ed8}> (0x00000000890c0ed8) thrown at [./src/hotspot/share/prims/jni.cpp, line 615]
Event: 38.409 Thread 0x000001ead51f3800 Exception <a 'java/lang/NoSuchMethodError'{0x00000000883a2628}: 'java.lang.Object java.lang.invoke.DirectMethodHandle$Holder.invokeStaticInit(java.lang.Object, java.lang.Object, java.lang.Object, java.lang.Object, java.lang.Object, java.lang.Object, java.lang.Object, java.lang.Object, java.lang.Object, java.lang.Object, java.lang.Object, java.lang.Object, java.lang.Object, java.lang.Object, java.lang.Object, java.lang.Object, java.lang.Object, java.lang.Object, int, java.lang.Object, java.lang.Object)'> (0
Event: 38.673 Thread 0x000001ead4b7e800 Exception <a 'java/lang/IncompatibleClassChangeError'{0x0000000089f77c38}: Found class java.lang.Object, but interface was expected> (0x0000000089f77c38) thrown at [./src/hotspot/share/interpreter/linkResolver.cpp, line 839]
Event: 38.890 Thread 0x000001ead6274000 Exception <a 'java/lang/NoSuchMethodError'{0x0000000089b142f8}: 'java.lang.Object java.lang.invoke.DirectMethodHandle$Holder.invokeStatic(java.lang.Object, long)'> (0x0000000089b142f8) thrown at [./src/hotspot/share/interpreter/linkResolver.cpp, line 773]
Event: 38.929 Thread 0x000001ead50d1800 Exception <a 'sun/nio/fs/WindowsException'{0x0000000089ab23e0}> (0x0000000089ab23e0) thrown at [./src/hotspot/share/prims/jni.cpp, line 615]
Event: 39.867 Thread 0x000001ead6274000 Exception <a 'java/lang/NoSuchMethodError'{0x0000000088da7ce0}: 'int java.lang.invoke.DirectMethodHandle$Holder.invokeVirtual(java.lang.Object, java.lang.Object, java.lang.Object, java.lang.Object)'> (0x0000000088da7ce0) thrown at [./src/hotspot/share/interpreter/linkResolver.cpp, line 773]
Event: 39.867 Thread 0x000001ead51f3800 Exception <a 'java/lang/NoSuchMethodError'{0x0000000088d98e68}: 'int java.lang.invoke.DirectMethodHandle$Holder.invokeVirtual(java.lang.Object, java.lang.Object, java.lang.Object, java.lang.Object)'> (0x0000000088d98e68) thrown at [./src/hotspot/share/interpreter/linkResolver.cpp, line 773]
Event: 39.867 Thread 0x000001ead4b7e800 Exception <a 'java/lang/NoSuchMethodError'{0x0000000088f84738}: 'int java.lang.invoke.DirectMethodHandle$Holder.invokeVirtual(java.lang.Object, java.lang.Object, java.lang.Object, java.lang.Object)'> (0x0000000088f84738) thrown at [./src/hotspot/share/interpreter/linkResolver.cpp, line 773]
Event: 39.925 Thread 0x000001ead4b7e800 Exception <a 'java/lang/NoSuchMethodError'{0x0000000089ea55e0}: 'long java.lang.invoke.DirectMethodHandle$Holder.invokeStatic(java.lang.Object, java.lang.Object)'> (0x0000000089ea55e0) thrown at [./src/hotspot/share/interpreter/linkResolver.cpp, line 773]
Event: 40.099 Thread 0x000001ead51f3800 Exception <a 'java/lang/IncompatibleClassChangeError'{0x0000000089b06478}: Found class java.lang.Object, but interface was expected> (0x0000000089b06478) thrown at [./src/hotspot/share/interpreter/linkResolver.cpp, line 839]
Event: 40.100 Thread 0x000001ead51f3800 Exception <a 'java/lang/NoSuchMethodError'{0x0000000089b0e8f0}: 'java.lang.Object java.lang.invoke.DirectMethodHandle$Holder.newInvokeSpecial(java.lang.Object, int)'> (0x0000000089b0e8f0) thrown at [./src/hotspot/share/interpreter/linkResolver.cpp, line 773]
Event: 40.101 Thread 0x000001ead6274000 Exception <a 'java/lang/NoSuchMethodError'{0x0000000089b16d90}: 'java.lang.Object java.lang.invoke.DirectMethodHandle$Holder.newInvokeSpecial(java.lang.Object, int)'> (0x0000000089b16d90) thrown at [./src/hotspot/share/interpreter/linkResolver.cpp, line 773]
Event: 40.106 Thread 0x000001ead6274000 Exception <a 'java/lang/IncompatibleClassChangeError'{0x0000000089b22f08}: Found class java.lang.Object, but interface was expected> (0x0000000089b22f08) thrown at [./src/hotspot/share/interpreter/linkResolver.cpp, line 839]
Event: 40.109 Thread 0x000001ead6274000 Exception <a 'java/lang/IncompatibleClassChangeError'{0x0000000089b391b0}: Found class java.lang.Object, but interface was expected> (0x0000000089b391b0) thrown at [./src/hotspot/share/interpreter/linkResolver.cpp, line 839]

Events (20 events):
Event: 40.117 loading class com/android/tools/r8/internal/Z0
Event: 40.117 loading class com/android/tools/r8/internal/Z0 done
Event: 40.117 loading class com/android/tools/r8/internal/fk1
Event: 40.117 loading class com/android/tools/r8/internal/fk1 done
Event: 40.118 loading class com/android/tools/r8/internal/Da1
Event: 40.118 loading class com/android/tools/r8/internal/Da1 done
Event: 40.118 loading class com/android/tools/r8/internal/Da1
Event: 40.118 loading class com/android/tools/r8/internal/Da1 done
Event: 40.118 loading class com/android/tools/r8/internal/yH0
Event: 40.118 loading class com/android/tools/r8/internal/yH0 done
Event: 40.122 loading class com/android/tools/r8/graph/L0
Event: 40.122 loading class com/android/tools/r8/graph/L0 done
Event: 40.122 loading class com/android/tools/r8/graph/L0
Event: 40.122 loading class com/android/tools/r8/graph/L0 done
Event: 40.122 loading class com/android/tools/r8/internal/G41
Event: 40.122 loading class com/android/tools/r8/internal/G41 done
Event: 40.126 Executing VM operation: CGC_Operation
Event: 40.143 Executing VM operation: CGC_Operation done
Event: 40.147 loading class com/android/tools/r8/internal/Wh1
Event: 40.147 loading class com/android/tools/r8/internal/Wh1 done


Dynamic libraries:
0x00007ff77da00000 - 0x00007ff77da0a000 	C:\Program Files\Android\Android Studio\jre\bin\java.exe
0x00007ffa392e0000 - 0x00007ffa394e9000 	C:\WINDOWS\SYSTEM32\ntdll.dll
0x00007ffa37950000 - 0x00007ffa37a0d000 	C:\WINDOWS\System32\KERNEL32.DLL
0x00007ffa36ad0000 - 0x00007ffa36e44000 	C:\WINDOWS\System32\KERNELBASE.dll
0x00007ffa369b0000 - 0x00007ffa36ac1000 	C:\WINDOWS\System32\ucrtbase.dll
0x00007ffa21460000 - 0x00007ffa21479000 	C:\Program Files\Android\Android Studio\jre\bin\jli.dll
0x00007ffa38380000 - 0x00007ffa3852c000 	C:\WINDOWS\System32\USER32.dll
0x00007ffa37030000 - 0x00007ffa37056000 	C:\WINDOWS\System32\win32u.dll
0x00007ffa37f50000 - 0x00007ffa37f79000 	C:\WINDOWS\System32\GDI32.dll
0x00007ffa37060000 - 0x00007ffa37172000 	C:\WINDOWS\System32\gdi32full.dll
0x00007ffa367d0000 - 0x00007ffa3686d000 	C:\WINDOWS\System32\msvcp_win.dll
0x00007ffa21350000 - 0x00007ffa21367000 	C:\Program Files\Android\Android Studio\jre\bin\VCRUNTIME140.dll
0x00007ffa22da0000 - 0x00007ffa23045000 	C:\WINDOWS\WinSxS\amd64_microsoft.windows.common-controls_6595b64144ccf1df_6.0.22000.120_none_9d947278b86cc467\COMCTL32.dll
0x00007ffa372a0000 - 0x00007ffa37343000 	C:\WINDOWS\System32\msvcrt.dll
0x00007ffa391f0000 - 0x00007ffa39221000 	C:\WINDOWS\System32\IMM32.DLL
0x00007ffa0b730000 - 0x00007ffa0b7cd000 	C:\Program Files\Android\Android Studio\jre\bin\msvcp140.dll
0x00007ff9b34f0000 - 0x00007ff9b3fc5000 	C:\Program Files\Android\Android Studio\jre\bin\server\jvm.dll
0x00007ffa39130000 - 0x00007ffa391de000 	C:\WINDOWS\System32\ADVAPI32.dll
0x00007ffa38620000 - 0x00007ffa386be000 	C:\WINDOWS\System32\sechost.dll
0x00007ffa37180000 - 0x00007ffa372a0000 	C:\WINDOWS\System32\RPCRT4.dll
0x00007ffa38720000 - 0x00007ffa38728000 	C:\WINDOWS\System32\PSAPI.DLL
0x00007ffa2ee00000 - 0x00007ffa2ee33000 	C:\WINDOWS\SYSTEM32\WINMM.dll
0x00007ffa33b90000 - 0x00007ffa33b99000 	C:\WINDOWS\SYSTEM32\WSOCK32.dll
0x00007ffa37830000 - 0x00007ffa3789f000 	C:\WINDOWS\System32\WS2_32.dll
0x00007ffa2e680000 - 0x00007ffa2e68a000 	C:\WINDOWS\SYSTEM32\VERSION.dll
0x00007ffa358d0000 - 0x00007ffa358e8000 	C:\WINDOWS\SYSTEM32\kernel.appcore.dll
0x00007ffa23a10000 - 0x00007ffa23a21000 	C:\Program Files\Android\Android Studio\jre\bin\verify.dll
0x00007ffa222b0000 - 0x00007ffa224d1000 	C:\WINDOWS\SYSTEM32\DBGHELP.DLL
0x00007ffa18e20000 - 0x00007ffa18e51000 	C:\WINDOWS\SYSTEM32\dbgcore.DLL
0x00007ffa36930000 - 0x00007ffa369af000 	C:\WINDOWS\System32\bcryptPrimitives.dll
0x00007ffa21d90000 - 0x00007ffa21db9000 	C:\Program Files\Android\Android Studio\jre\bin\java.dll
0x00007ffa33b80000 - 0x00007ffa33b8b000 	C:\Program Files\Android\Android Studio\jre\bin\jimage.dll
0x00007ffa22290000 - 0x00007ffa222a8000 	C:\Program Files\Android\Android Studio\jre\bin\zip.dll
0x00007ffa38980000 - 0x00007ffa3912e000 	C:\WINDOWS\System32\SHELL32.dll
0x00007ffa34940000 - 0x00007ffa351a8000 	C:\WINDOWS\SYSTEM32\windows.storage.dll
0x00007ffa37bd0000 - 0x00007ffa37f48000 	C:\WINDOWS\System32\combase.dll
0x00007ffa347d0000 - 0x00007ffa34936000 	C:\WINDOWS\SYSTEM32\wintypes.dll
0x00007ffa38290000 - 0x00007ffa3837a000 	C:\WINDOWS\System32\SHCORE.dll
0x00007ffa377d0000 - 0x00007ffa3782d000 	C:\WINDOWS\System32\shlwapi.dll
0x00007ffa36700000 - 0x00007ffa36721000 	C:\WINDOWS\SYSTEM32\profapi.dll
0x00007ffa22020000 - 0x00007ffa2203a000 	C:\Program Files\Android\Android Studio\jre\bin\net.dll
0x00007ffa2b9e0000 - 0x00007ffa2baec000 	C:\WINDOWS\SYSTEM32\WINHTTP.dll
0x00007ffa35d00000 - 0x00007ffa35d67000 	C:\WINDOWS\system32\mswsock.dll
0x00007ffa21c30000 - 0x00007ffa21c44000 	C:\Program Files\Android\Android Studio\jre\bin\nio.dll
0x00007ffa1b2e0000 - 0x00007ffa1b307000 	C:\Users\DEVILS HACKER\.gradle\native\e1d6ef7f7dcc3fd88c89a11ec53ec762bb8ba0a96d01ffa2cd45eb1d1d8dd5c5\windows-amd64\native-platform.dll
0x00007ffa02520000 - 0x00007ffa02664000 	C:\Users\DEVILS HACKER\.gradle\native\0d407fdbe67a94daf76414ababcb853783967236a71b16ec16e742cd7a986fd3\windows-amd64\native-platform-file-events.dll
0x00007ffa276b0000 - 0x00007ffa276ba000 	C:\Program Files\Android\Android Studio\jre\bin\management.dll
0x00007ffa23d70000 - 0x00007ffa23d7d000 	C:\Program Files\Android\Android Studio\jre\bin\management_ext.dll
0x00007ffa35f40000 - 0x00007ffa35f58000 	C:\WINDOWS\SYSTEM32\CRYPTSP.dll
0x00007ffa35830000 - 0x00007ffa35865000 	C:\WINDOWS\system32\rsaenh.dll
0x00007ffa35df0000 - 0x00007ffa35e19000 	C:\WINDOWS\SYSTEM32\USERENV.dll
0x00007ffa360c0000 - 0x00007ffa360e7000 	C:\WINDOWS\SYSTEM32\bcrypt.dll
0x00007ffa35f60000 - 0x00007ffa35f6c000 	C:\WINDOWS\SYSTEM32\CRYPTBASE.dll
0x00007ffa35400000 - 0x00007ffa3542d000 	C:\WINDOWS\SYSTEM32\IPHLPAPI.DLL
0x00007ffa38280000 - 0x00007ffa38289000 	C:\WINDOWS\System32\NSI.dll
0x00007ffa2c2d0000 - 0x00007ffa2c2e9000 	C:\WINDOWS\SYSTEM32\dhcpcsvc6.DLL
0x00007ffa2bbf0000 - 0x00007ffa2bc0e000 	C:\WINDOWS\SYSTEM32\dhcpcsvc.DLL
0x00007ffa35430000 - 0x00007ffa35517000 	C:\WINDOWS\SYSTEM32\DNSAPI.dll

dbghelp: loaded successfully - version: 4.0.5 - missing functions: none
symbol engine: initialized successfully - sym options: 0x614 - pdb path: .;C:\Program Files\Android\Android Studio\jre\bin;C:\WINDOWS\SYSTEM32;C:\WINDOWS\WinSxS\amd64_microsoft.windows.common-controls_6595b64144ccf1df_6.0.22000.120_none_9d947278b86cc467;C:\Program Files\Android\Android Studio\jre\bin\server;C:\Users\DEVILS HACKER\.gradle\native\e1d6ef7f7dcc3fd88c89a11ec53ec762bb8ba0a96d01ffa2cd45eb1d1d8dd5c5\windows-amd64;C:\Users\DEVILS HACKER\.gradle\native\0d407fdbe67a94daf76414ababcb853783967236a71b16ec16e742cd7a986fd3\windows-amd64

VM Arguments:
jvm_args: --add-opens=java.base/java.util=ALL-UNNAMED --add-opens=java.base/java.lang=ALL-UNNAMED --add-opens=java.base/java.lang.invoke=ALL-UNNAMED --add-opens=java.base/java.util=ALL-UNNAMED --add-opens=java.prefs/java.util.prefs=ALL-UNNAMED --add-opens=java.prefs/java.util.prefs=ALL-UNNAMED --add-opens=java.base/java.nio.charset=ALL-UNNAMED --add-opens=java.base/java.net=ALL-UNNAMED --add-opens=java.base/java.util.concurrent.atomic=ALL-UNNAMED -Xmx2048m -Dfile.encoding=UTF-8 -Duser.country=IN -Duser.language=en -Duser.variant 
java_command: org.gradle.launcher.daemon.bootstrap.GradleDaemon 7.4
java_class_path (initial): C:\Users\DEVILS HACKER\Downloads\gradle-7.4-all\gradle-7.4\lib\gradle-launcher-7.4.jar
Launcher Type: SUN_STANDARD

[Global flags]
     intx CICompilerCount                          = 3                                         {product} {ergonomic}
     uint ConcGCThreads                            = 1                                         {product} {ergonomic}
     uint G1ConcRefinementThreads                  = 4                                         {product} {ergonomic}
   size_t G1HeapRegionSize                         = 1048576                                   {product} {ergonomic}
    uintx GCDrainStackTargetSize                   = 64                                        {product} {ergonomic}
   size_t InitialHeapSize                          = 167772160                                 {product} {ergonomic}
   size_t MarkStackSize                            = 4194304                                   {product} {ergonomic}
   size_t MaxHeapSize                              = 2147483648                                {product} {command line}
   size_t MaxNewSize                               = 1287651328                                {product} {ergonomic}
   size_t MinHeapDeltaBytes                        = 1048576                                   {product} {ergonomic}
    uintx NonNMethodCodeHeapSize                   = 5830732                                {pd product} {ergonomic}
    uintx NonProfiledCodeHeapSize                  = 122913754                              {pd product} {ergonomic}
    uintx ProfiledCodeHeapSize                     = 122913754                              {pd product} {ergonomic}
    uintx ReservedCodeCacheSize                    = 251658240                              {pd product} {ergonomic}
     bool SegmentedCodeCache                       = true                                      {product} {ergonomic}
     bool UseCompressedClassPointers               = true                                 {lp64_product} {ergonomic}
     bool UseCompressedOops                        = true                                 {lp64_product} {ergonomic}
     bool UseG1GC                                  = true                                      {product} {ergonomic}
     bool UseLargePagesIndividualAllocation        = false                                  {pd product} {ergonomic}

Logging:
Log output configuration:
 #0: stdout all=warning uptime,level,tags
 #1: stderr all=off uptime,level,tags

Environment Variables:
PATH=D:\WINDOWS.X64_193000_db_home\bin;D:\Python\Scripts\;D:\Python\;C:\ProgramData\Oracle\Java\javapath;C:\WINDOWS\system32;C:\WINDOWS;C:\WINDOWS\System32\Wbem;C:\WINDOWS\System32\WindowsPowerShell\v1.0\;C:\WINDOWS\System32\OpenSSH\;C:\Program Files\Java\jdk-9.0.4\bin;C:\Program Files\Java\jre-9.0.4\bin;C:\Program Files\Microsoft\Web Platform Installer\;C:\Program Files\dotnet\;C:\Users\DEVILS HACKER\AppData\Local\Microsoft\WindowsApps;C:\Users\DEVILS HACKER\.dotnet\tools;C:\Users\DEVILS HACKER\AppData\Local\Programs\Microsoft VS Code\bin;
USERNAME=DEVILS HACKER
OS=Windows_NT
PROCESSOR_IDENTIFIER=AMD64 Family 23 Model 24 Stepping 1, AuthenticAMD



---------------  S Y S T E M  ---------------

OS: Windows 10 , 64 bit Build 22000 (10.0.22000.434)
OS uptime: 0 days 10:15 hours

CPU:total 4 (initial active 4) (4 cores per cpu, 1 threads per core) family 23 model 24 stepping 1 microcode 0x0, cmov, cx8, fxsr, mmx, sse, sse2, sse3, ssse3, sse4.1, sse4.2, popcnt, avx, avx2, aes, clmul, mmxext, 3dnowpref, lzcnt, sse4a, tsc, tscinvbit, tscinv, bmi1, bmi2, adx, sha, 

Memory: 4k page, system-wide physical 10153M (2306M free)
TotalPageFile size 10153M (AvailPageFile size 5M)
current process WorkingSet (physical memory assigned to process): 456M, peak: 456M
current process commit charge ("private bytes"): 496M, peak: 496M

vm_info: OpenJDK 64-Bit Server VM (11.0.11+9-b60-7590822) for windows-amd64 JRE (11.0.11+9-b60-7590822), built on Jul 29 2021 21:43:44 by "builder" with MS VC++ 14.0 (VS2015)

END.
